[spartan-bm058.hpc.unimelb.edu.au:16103] [[18869,0],0] ORTE_ERROR_LOG: Out of resource in file util/show_help.c at line 501
--------------------------------------------------------------------------
The library attempted to open the following supporting CUDA libraries,
but each of them failed.  CUDA-aware support is disabled.
libcuda.so.1: cannot open shared object file: No such file or directory
libcuda.dylib: cannot open shared object file: No such file or directory
/usr/lib64/libcuda.so.1: cannot open shared object file: No such file or directory
/usr/lib64/libcuda.dylib: cannot open shared object file: No such file or directory
If you are not interested in CUDA-aware support, then run with
--mca mpi_cuda_support 0 to suppress this message.  If you are interested
in CUDA-aware support, then try setting LD_LIBRARY_PATH to the location
of libcuda.so.1 to get passed this issue.
--------------------------------------------------------------------------
ibv_exp_query_device: invalid comp_mask !!! (comp_mask = 0x40 valid_mask = 0x3)
[spartan-bm058][[18869,1],0][btl_openib_component.c:1670:init_one_device] error obtaining device attributes for mlx5_bond_0 errno says Invalid argument
--------------------------------------------------------------------------
WARNING: There was an error initializing an OpenFabrics device.

  Local host:   spartan-bm058
  Local device: mlx5_bond_0
--------------------------------------------------------------------------
--------------------------------------------------------------------------
No OpenFabrics connection schemes reported that they were able to be
used on a specific port.  As such, the openib BTL (OpenFabrics
support) will be disabled for this port.

  Local host:           spartan-bm059
  Local device:         mlx5_bond_0
  Local port:           1
  CPCs attempted:       rdmacm
--------------------------------------------------------------------------
