--------------------------------------------------------------------------
The library attempted to open the following supporting CUDA libraries,
but each of them failed.  CUDA-aware support is disabled.
libcuda.so.1: cannot open shared object file: No such file or directory
libcuda.dylib: cannot open shared object file: No such file or directory
/usr/lib64/libcuda.so.1: cannot open shared object file: No such file or directory
/usr/lib64/libcuda.dylib: cannot open shared object file: No such file or directory
If you are not interested in CUDA-aware support, then run with
--mca mpi_cuda_support 0 to suppress this message.  If you are interested
in CUDA-aware support, then try setting LD_LIBRARY_PATH to the location
of libcuda.so.1 to get passed this issue.
--------------------------------------------------------------------------
ibv_exp_query_device: invalid comp_mask !!! (comp_mask = 0x40 valid_mask = 0x3)
[spartan-bm065][[18572,1],6][btl_openib_component.c:1670:init_one_device] error obtaining device attributes for mlx5_bond_0 errno says Invalid argument
--------------------------------------------------------------------------
WARNING: There was an error initializing an OpenFabrics device.

  Local host:   spartan-bm065
  Local device: mlx5_bond_0
--------------------------------------------------------------------------
ibv_exp_query_device: invalid comp_mask !!! (comp_mask = 0x40 valid_mask = 0x3)
[spartan-bm059][[18572,1],2][btl_openib_component.c:1670:init_one_device] error obtaining device attributes for mlx5_bond_0 errno says Invalid argument
ibv_exp_query_device: invalid comp_mask !!! (comp_mask = 0x40 valid_mask = 0x3)
[spartan-bm062][[18572,1],4][btl_openib_component.c:1670:init_one_device] error obtaining device attributes for mlx5_bond_0 errno says Invalid argument
ibv_exp_query_device: invalid comp_mask !!! (comp_mask = 0x40 valid_mask = 0x3)
[spartan-bm007][[18572,1],0][btl_openib_component.c:1670:init_one_device] error obtaining device attributes for mlx5_bond_0 errno says Invalid argument
ibv_exp_query_device: invalid comp_mask !!! (comp_mask = 0x40 valid_mask = 0x3)
[spartan-bm058][[18572,1],1][btl_openib_component.c:1670:init_one_device] error obtaining device attributes for mlx5_bond_0 errno says Invalid argument
ibv_exp_query_device: invalid comp_mask !!! (comp_mask = 0x40 valid_mask = 0x3)
[spartan-bm064][[18572,1],5][btl_openib_component.c:1670:init_one_device] error obtaining device attributes for mlx5_bond_0 errno says Invalid argument
--------------------------------------------------------------------------
No OpenFabrics connection schemes reported that they were able to be
used on a specific port.  As such, the openib BTL (OpenFabrics
support) will be disabled for this port.

  Local host:           spartan-bm060
  Local device:         mlx5_bond_0
  Local port:           1
  CPCs attempted:       rdmacm
--------------------------------------------------------------------------
[spartan-bm007.hpc.unimelb.edu.au:15647] 7 more processes have sent help message help-mpi-common-cuda.txt / dlopen failed
[spartan-bm007.hpc.unimelb.edu.au:15647] Set MCA parameter "orte_base_help_aggregate" to 0 to see all help / error messages
[spartan-bm007.hpc.unimelb.edu.au:15647] 5 more processes have sent help message help-mpi-btl-openib.txt / error in device init
[spartan-bm007.hpc.unimelb.edu.au:15647] 1 more process has sent help message help-mpi-btl-openib-cpc-base.txt / no cpcs for port
