--------------------------------------------------------------------------
The library attempted to open the following supporting CUDA libraries,
but each of them failed.  CUDA-aware support is disabled.
libcuda.so.1: cannot open shared object file: No such file or directory
libcuda.dylib: cannot open shared object file: No such file or directory
/usr/lib64/libcuda.so.1: cannot open shared object file: No such file or directory
/usr/lib64/libcuda.dylib: cannot open shared object file: No such file or directory
If you are not interested in CUDA-aware support, then run with
--mca mpi_cuda_support 0 to suppress this message.  If you are interested
in CUDA-aware support, then try setting LD_LIBRARY_PATH to the location
of libcuda.so.1 to get passed this issue.
--------------------------------------------------------------------------
ibv_exp_query_device: invalid comp_mask !!! (comp_mask = 0x40 valid_mask = 0x3)
[spartan-bm064][[20190,1],5][btl_openib_component.c:1670:init_one_device] error obtaining device attributes for mlx5_bond_0 errno says Invalid argument
--------------------------------------------------------------------------
WARNING: There was an error initializing an OpenFabrics device.

  Local host:   spartan-bm064
  Local device: mlx5_bond_0
--------------------------------------------------------------------------
ibv_exp_query_device: invalid comp_mask !!! (comp_mask = 0x40 valid_mask = 0x3)
[spartan-bm059][[20190,1],2][btl_openib_component.c:1670:init_one_device] error obtaining device attributes for mlx5_bond_0 errno says Invalid argument
ibv_exp_query_device: invalid comp_mask !!! (comp_mask = 0x40 valid_mask = 0x3)
[spartan-bm065][[20190,1],6][btl_openib_component.c:1670:init_one_device] error obtaining device attributes for mlx5_bond_0 errno says Invalid argument
ibv_exp_query_device: invalid comp_mask !!! (comp_mask = 0x1021660 valid_mask = 0x3)
[spartan-bm060][[20190,1],3][btl_openib_component.c:1670:init_one_device] error obtaining device attributes for mlx5_bond_0 errno says Invalid argument
ibv_exp_query_device: invalid comp_mask !!! (comp_mask = 0x40 valid_mask = 0x3)
[spartan-bm058][[20190,1],1][btl_openib_component.c:1670:init_one_device] error obtaining device attributes for mlx5_bond_0 errno says Invalid argument
ibv_exp_query_device: invalid comp_mask !!! (comp_mask = 0x40 valid_mask = 0x3)
[spartan-bm007][[20190,1],0][btl_openib_component.c:1670:init_one_device] error obtaining device attributes for mlx5_bond_0 errno says Invalid argument
ibv_exp_query_device: invalid comp_mask !!! (comp_mask = 0x40 valid_mask = 0x3)
[spartan-bm062][[20190,1],4][btl_openib_component.c:1670:init_one_device] error obtaining device attributes for mlx5_bond_0 errno says Invalid argument
--------------------------------------------------------------------------
No OpenFabrics connection schemes reported that they were able to be
used on a specific port.  As such, the openib BTL (OpenFabrics
support) will be disabled for this port.

  Local host:           spartan-bm066
  Local device:         mlx5_bond_0
  Local port:           1
  CPCs attempted:       rdmacm
--------------------------------------------------------------------------
[spartan-bm007.hpc.unimelb.edu.au:15181] 7 more processes have sent help message help-mpi-common-cuda.txt / dlopen failed
[spartan-bm007.hpc.unimelb.edu.au:15181] Set MCA parameter "orte_base_help_aggregate" to 0 to see all help / error messages
[spartan-bm007.hpc.unimelb.edu.au:15181] 6 more processes have sent help message help-mpi-btl-openib.txt / error in device init
