--------------------------------------------------------------------------
The library attempted to open the following supporting CUDA libraries,
but each of them failed.  CUDA-aware support is disabled.
libcuda.so.1: cannot open shared object file: No such file or directory
libcuda.dylib: cannot open shared object file: No such file or directory
/usr/lib64/libcuda.so.1: cannot open shared object file: No such file or directory
/usr/lib64/libcuda.dylib: cannot open shared object file: No such file or directory
If you are not interested in CUDA-aware support, then run with
--mca mpi_cuda_support 0 to suppress this message.  If you are interested
in CUDA-aware support, then try setting LD_LIBRARY_PATH to the location
of libcuda.so.1 to get passed this issue.
--------------------------------------------------------------------------
ibv_exp_query_device: invalid comp_mask !!! (comp_mask = 0x40 valid_mask = 0x3)
[spartan-bm022][[34511,1],0][btl_openib_component.c:1670:init_one_device] error obtaining device attributes for mlx5_bond_0 errno says Invalid argument
ibv_exp_query_device: invalid comp_mask !!! (comp_mask = 0x40 valid_mask = 0x3)
[spartan-bm023][[34511,1],1][btl_openib_component.c:1670:init_one_device] error obtaining device attributes for mlx5_bond_0 errno says Invalid argument
--------------------------------------------------------------------------
WARNING: There was an error initializing an OpenFabrics device.

  Local host:   spartan-bm022
  Local device: mlx5_bond_0
--------------------------------------------------------------------------
[spartan-bm022.hpc.unimelb.edu.au:31718] 1 more process has sent help message help-mpi-common-cuda.txt / dlopen failed
[spartan-bm022.hpc.unimelb.edu.au:31718] Set MCA parameter "orte_base_help_aggregate" to 0 to see all help / error messages
[spartan-bm022.hpc.unimelb.edu.au:31718] 1 more process has sent help message help-mpi-btl-openib.txt / error in device init
