Compiling the C compiler identification source file "CMakeCCompilerId.c" failed.
Compiler: /usr/local/anaconda3/bin/x86_64-apple-darwin13.4.0-clang 
Build flags: -march=core2;-mtune=haswell;-mssse3;-ftree-vectorize;-fPIC;-fPIE;-fstack-protector-strong;-O2;-pipe
Id flags:  

The output was:
1
ld: warning: ignoring file /Applications/Xcode.app/Contents/Developer/Platforms/MacOSX.platform/Developer/SDKs/MacOSX.sdk/usr/lib/libSystem.tbd, file was built for unsupported file format ( 0x2D 0x2D 0x2D 0x20 0x21 0x74 0x61 0x70 0x69 0x2D 0x74 0x62 0x64 0x2D 0x76 0x33 ) which is not the architecture being linked (x86_64): /Applications/Xcode.app/Contents/Developer/Platforms/MacOSX.platform/Developer/SDKs/MacOSX.sdk/usr/lib/libSystem.tbd
ld: dynamic main executables must link with libSystem.dylib for architecture x86_64
clang-4.0: error: linker command failed with exit code 1 (use -v to see invocation)


Determining if the C compiler works failed with the following output:
Change Dir: /Users/laitingsheng/GitHub/UniMelb Delibird/Pythonists/COMP90024 Project 1/CMakeFiles/CMakeTmp

Run Build Command:"/usr/bin/make" "cmTC_ad9af/fast"
/Applications/Xcode.app/Contents/Developer/usr/bin/make -f CMakeFiles/cmTC_ad9af.dir/build.make CMakeFiles/cmTC_ad9af.dir/build
Building C object CMakeFiles/cmTC_ad9af.dir/testCCompiler.c.o
/usr/local/anaconda3/bin/x86_64-apple-darwin13.4.0-clang   -march=core2 -mtune=haswell -mssse3 -ftree-vectorize -fPIC -fPIE -fstack-protector-strong -O2 -pipe  -isysroot /Applications/Xcode.app/Contents/Developer/Platforms/MacOSX.platform/Developer/SDKs/MacOSX10.14.sdk   -o CMakeFiles/cmTC_ad9af.dir/testCCompiler.c.o   -c "/Users/laitingsheng/GitHub/UniMelb Delibird/Pythonists/COMP90024 Project 1/CMakeFiles/CMakeTmp/testCCompiler.c"
Linking C executable cmTC_ad9af
"/Users/laitingsheng/Library/Application Support/JetBrains/Toolbox/apps/CLion/ch-0/183.5429.37/CLion.app/Contents/bin/cmake/mac/bin/cmake" -E cmake_link_script CMakeFiles/cmTC_ad9af.dir/link.txt --verbose=1
/usr/local/anaconda3/bin/x86_64-apple-darwin13.4.0-clang -march=core2 -mtune=haswell -mssse3 -ftree-vectorize -fPIC -fPIE -fstack-protector-strong -O2 -pipe  -isysroot /Applications/Xcode.app/Contents/Developer/Platforms/MacOSX.platform/Developer/SDKs/MacOSX10.14.sdk -Wl,-search_paths_first -Wl,-headerpad_max_install_names -Wl,-pie -Wl,-headerpad_max_install_names -Wl,-dead_strip_dylibs  CMakeFiles/cmTC_ad9af.dir/testCCompiler.c.o  -o cmTC_ad9af 
ld: warning: ignoring file /Applications/Xcode.app/Contents/Developer/Platforms/MacOSX.platform/Developer/SDKs/MacOSX.sdk/usr/lib/libSystem.tbd, file was built for unsupported file format ( 0x2D 0x2D 0x2D 0x20 0x21 0x74 0x61 0x70 0x69 0x2D 0x74 0x62 0x64 0x2D 0x76 0x33 ) which is not the architecture being linked (x86_64): /Applications/Xcode.app/Contents/Developer/Platforms/MacOSX.platform/Developer/SDKs/MacOSX.sdk/usr/lib/libSystem.tbd
ld: dynamic main executables must link with libSystem.dylib for architecture x86_64
clang-4.0: error: linker command failed with exit code 1 (use -v to see invocation)
make[1]: *** [cmTC_ad9af] Error 1
make: *** [cmTC_ad9af/fast] Error 2


